2025-03-01 04:29:54,604 - INFO - Database Connection Successfully!
2025-03-01 04:29:54,609 - INFO - Fetched all the information from the database about the items!
2025-03-01 04:36:13,035 - INFO - Database Connection Successfully!
2025-03-01 04:36:13,040 - INFO - Fetched all the information from the database about the items!
2025-03-01 04:38:46,104 - INFO - Database Connection Successfully!
2025-03-01 04:38:46,104 - INFO - Fetched all the information from the database about the items!
2025-03-01 04:39:36,331 - INFO - Database Connection Successfully!
2025-03-01 04:39:36,332 - INFO - Fetched all the information from the database about the items!
2025-03-01 04:40:19,148 - INFO - Database Connection Successfully!
2025-03-01 04:40:19,148 - INFO - Fetched all the information from the database about the items!
2025-03-01 04:40:54,498 - INFO - Database Connection Successfully!
2025-03-01 04:40:54,508 - INFO - Sales Updated Successfully for product: R125
2025-03-01 04:40:54,511 - INFO - Database Connection Successfully!
2025-03-01 04:40:54,539 - INFO - Sales report updated for R125 on 2025-03-01
2025-03-01 04:43:27,141 - INFO - Database Connection Successfully!
2025-03-01 04:43:27,142 - INFO - Fetched all the information from the database about the items!
2025-03-01 04:43:49,314 - INFO - Database Connection Successfully!
2025-03-01 04:43:49,322 - INFO - Sales Updated Successfully for product: RS180
2025-03-01 04:43:49,338 - INFO - Database Connection Successfully!
2025-03-01 04:43:49,344 - INFO - Sales report updated for RS180 on 2025-03-01
2025-03-01 08:25:38,258 - INFO - Database Connection Successfully!
2025-03-01 08:25:38,266 - INFO - Fetched all the information from the database about the items!
2025-03-01 08:26:36,723 - INFO - Database Connection Successfully!
2025-03-01 08:26:36,746 - INFO - Sales Updated Successfully for product: NO180
2025-03-01 08:26:36,769 - INFO - Database Connection Successfully!
2025-03-01 08:26:36,786 - INFO - Sales report updated for NO180 on 2025-03-01
2025-03-01 08:26:46,361 - INFO - Database Connection Successfully!
2025-03-01 08:26:46,362 - INFO - Fetched all the information from the database about the items!
2025-03-01 08:27:52,606 - INFO - Database Connection Successfully!
2025-03-01 08:27:52,612 - INFO - Fetched all the information from the database about the items!
2025-03-01 08:28:30,798 - INFO - Database Connection Successfully!
2025-03-01 08:28:30,804 - INFO - Sales Updated Successfully for product: TB330
2025-03-01 08:28:30,813 - INFO - Database Connection Successfully!
2025-03-01 08:28:30,825 - INFO - Sales report updated for TB330 on 2025-03-01
2025-03-01 08:28:40,907 - INFO - Database Connection Successfully!
2025-03-01 08:28:40,908 - INFO - Fetched all the information from the database about the items!
