2025-03-05 12:54:37,095 - INFO - Database Connection Successfully!
2025-03-05 12:54:37,106 - INFO - Opening Balance updated for all categories with previous CB values
2025-03-05 12:54:43,573 - INFO - Database Connection Successfully!
2025-03-05 12:54:43,578 - INFO - Fetched all items from Liquor successfully.
2025-03-05 12:55:11,931 - INFO - Database Connection Successfully!
2025-03-05 12:55:11,931 - INFO - OB already initialized for today.
2025-03-05 12:55:14,124 - INFO - Database Connection Successfully!
2025-03-05 12:55:14,125 - INFO - Fetched all items from Liquor successfully.
2025-03-05 12:57:19,896 - INFO - Database Connection Successfully!
2025-03-05 12:57:19,900 - INFO - OB already initialized for today.
2025-03-05 12:57:21,417 - INFO - Database Connection Successfully!
2025-03-05 12:57:21,427 - INFO - Fetched all items from Liquor successfully.
2025-03-05 12:57:32,559 - INFO - Database Connection Successfully!
2025-03-05 12:57:32,560 - INFO - OB already initialized for today.
2025-03-05 12:58:21,503 - INFO - Database Connection Successfully!
2025-03-05 12:58:21,504 - INFO - Fetched all items from Liquor successfully.
2025-03-05 13:34:20,284 - INFO - Database Connection Successfully!
2025-03-05 13:34:20,288 - INFO - OB already initialized for today.
2025-03-05 13:34:25,221 - INFO - Database Connection Successfully!
2025-03-05 13:34:25,228 - INFO - Fetched all items from Liquor successfully.
2025-03-05 13:36:15,497 - INFO - Database Connection Successfully!
2025-03-05 13:36:15,497 - INFO - OB already initialized for today.
2025-03-05 13:36:16,953 - INFO - Database Connection Successfully!
2025-03-05 13:36:16,954 - INFO - Fetched all items from Liquor successfully.
2025-03-05 13:36:22,686 - INFO - Database Connection Successfully!
2025-03-05 13:36:22,687 - INFO - Fetched all items from Snacks successfully.
2025-03-05 09:50:24,484 - INFO - Database Connection Successfully!
2025-03-05 09:50:24,485 - INFO - OB already initialized for today.
2025-03-05 09:50:25,785 - INFO - Database Connection Successfully!
2025-03-05 09:50:25,786 - INFO - Fetched all items from Liquor successfully.
2025-03-05 09:50:50,439 - INFO - Database Connection Successfully!
2025-03-05 09:50:50,440 - INFO - Fetched all items from Snacks successfully.
2025-03-05 09:52:43,795 - INFO - Database Connection Successfully!
2025-03-05 09:52:43,796 - INFO - OB already initialized for today.
2025-03-05 09:52:45,402 - INFO - Database Connection Successfully!
2025-03-05 09:52:45,403 - INFO - Fetched all items from Liquor successfully.
2025-03-05 09:53:09,806 - INFO - Database Connection Successfully!
2025-03-05 09:53:09,807 - INFO - Fetched all items from Snacks successfully.
2025-03-05 09:53:15,074 - INFO - Database Connection Successfully!
2025-03-05 09:53:15,075 - INFO - Fetched all items from ColdDrinks successfully.
2025-03-05 09:53:33,675 - INFO - Database Connection Successfully!
2025-03-05 09:53:33,682 - INFO - Stock Added Successfully for T50
2025-03-05 09:53:33,685 - INFO - Database Connection Successfully!
2025-03-05 09:53:33,699 - INFO - Stock report updated for T50 on 2025-03-05
2025-03-05 09:53:33,699 - INFO - Database Connection Successfully!
2025-03-05 09:53:33,700 - INFO - Fetched all items from ColdDrinks successfully.
2025-03-05 09:53:33,733 - INFO - Database Connection Successfully!
2025-03-05 09:53:33,733 - INFO - Fetched all items from ColdDrinks successfully.
2025-03-05 09:53:45,980 - INFO - Database Connection Successfully!
2025-03-05 09:53:45,981 - INFO - Fetched all items from Liquor successfully.
2025-03-05 09:53:54,718 - INFO - Database Connection Successfully!
2025-03-05 09:53:54,718 - INFO - Fetched all items from Snacks successfully.
2025-03-05 09:54:05,635 - INFO - Database Connection Successfully!
2025-03-05 09:54:05,644 - INFO - Sales Updated Successfully for product: S5
2025-03-05 09:54:05,658 - INFO - Database Connection Successfully!
2025-03-05 09:54:05,664 - INFO - Sales report updated for S5 on 2025-03-05
2025-03-05 09:54:05,664 - INFO - Database Connection Successfully!
2025-03-05 09:54:05,665 - INFO - Fetched all items from Snacks successfully.
2025-03-05 09:54:05,686 - INFO - Database Connection Successfully!
2025-03-05 09:54:05,687 - INFO - Fetched all items from Snacks successfully.
2025-03-05 09:54:13,289 - INFO - Database Connection Successfully!
2025-03-05 09:54:13,289 - INFO - Fetched all items from Snacks successfully.
2025-03-05 09:54:20,677 - INFO - Database Connection Successfully!
2025-03-05 09:54:20,713 - INFO - Stock Added Successfully for S5
2025-03-05 09:54:20,724 - INFO - Database Connection Successfully!
2025-03-05 09:54:20,733 - INFO - Stock report updated for S5 on 2025-03-05
2025-03-05 09:54:20,733 - INFO - Database Connection Successfully!
2025-03-05 09:54:20,734 - INFO - Fetched all items from Snacks successfully.
2025-03-05 09:54:20,756 - INFO - Database Connection Successfully!
2025-03-05 09:54:20,756 - INFO - Fetched all items from Snacks successfully.
2025-03-05 09:54:35,000 - INFO - Database Connection Successfully!
2025-03-05 09:54:35,001 - INFO - Fetched all items from Liquor successfully.
2025-03-05 09:57:34,934 - INFO - Database Connection Successfully!
2025-03-05 09:57:34,935 - INFO - OB already initialized for today.
2025-03-05 09:57:59,808 - INFO - Database Connection Successfully!
2025-03-05 09:57:59,810 - INFO - Fetched all items from Liquor successfully.
2025-03-05 09:58:09,163 - INFO - Database Connection Successfully!
2025-03-05 09:58:09,164 - INFO - Fetched all items from Snacks successfully.
2025-03-05 10:03:54,091 - INFO - Database Connection Successfully!
2025-03-05 10:03:54,091 - INFO - OB already initialized for today.
2025-03-05 10:04:04,830 - INFO - Database Connection Successfully!
2025-03-05 10:04:04,831 - INFO - Fetched all items from Liquor successfully.
2025-03-05 10:08:25,021 - INFO - Database Connection Successfully!
2025-03-05 10:08:25,022 - INFO - OB already initialized for today.
2025-03-05 10:08:27,091 - INFO - Database Connection Successfully!
2025-03-05 10:08:27,092 - INFO - Fetched all items from Snacks successfully.
2025-03-05 10:08:29,130 - INFO - Database Connection Successfully!
2025-03-05 10:08:29,131 - INFO - Fetched all items from ColdDrinks successfully.
2025-03-05 10:08:30,425 - INFO - Database Connection Successfully!
2025-03-05 10:08:30,426 - INFO - Fetched all items from Liquor successfully.
2025-03-05 10:08:32,833 - INFO - Database Connection Successfully!
2025-03-05 10:08:32,834 - INFO - Fetched all items from Snacks successfully.
2025-03-05 10:11:47,078 - INFO - Database Connection Successfully!
2025-03-05 10:11:47,080 - INFO - Fetched all items from Liquor successfully.
2025-03-05 10:14:52,292 - INFO - Database Connection Successfully!
2025-03-05 10:14:52,304 - INFO - Stock Added Successfully for RS180
2025-03-05 10:14:52,334 - INFO - Database Connection Successfully!
2025-03-05 10:14:52,347 - INFO - Stock report updated for RS180 on 2025-03-05
2025-03-05 10:14:52,347 - INFO - Database Connection Successfully!
2025-03-05 10:14:52,348 - INFO - Fetched all items from Liquor successfully.
2025-03-05 10:14:52,376 - INFO - Database Connection Successfully!
2025-03-05 10:14:52,378 - INFO - Fetched all items from Liquor successfully.
2025-03-05 10:15:20,978 - INFO - Database Connection Successfully!
2025-03-05 10:15:20,979 - INFO - Fetched all items from Liquor successfully.
2025-03-05 10:18:26,615 - INFO - Database Connection Successfully!
2025-03-05 10:18:26,622 - INFO - Sales Updated Successfully for product: RS180
2025-03-05 10:18:26,643 - INFO - Database Connection Successfully!
2025-03-05 10:18:26,657 - INFO - Sales report updated for RS180 on 2025-03-05
2025-03-05 10:18:26,658 - INFO - Database Connection Successfully!
2025-03-05 10:18:26,659 - INFO - Fetched all items from Liquor successfully.
2025-03-05 10:18:27,148 - INFO - Database Connection Successfully!
2025-03-05 10:18:27,149 - INFO - Fetched all items from Liquor successfully.
2025-03-05 10:33:16,936 - INFO - Database Connection Successfully!
2025-03-05 10:33:16,938 - INFO - OB already initialized for today.
2025-03-05 11:01:02,047 - INFO - Database Connection Successfully!
2025-03-05 11:01:02,052 - INFO - OB already initialized for today.
2025-03-05 11:01:13,999 - INFO - Database Connection Successfully!
2025-03-05 11:01:14,007 - INFO - Fetched all items from Liquor successfully.
