2025-04-08 09:36:17,668 - INFO - Database Connection Successfully!
2025-04-08 09:36:17,688 - INFO - Opening Balance updated for all categories with previous CB values
2025-04-08 09:36:29,877 - INFO - Database Connection Successfully!
2025-04-08 09:36:29,878 - INFO - OB already initialized for today.
2025-04-08 09:38:16,322 - INFO - Database Connection Successfully!
2025-04-08 09:38:16,323 - INFO - OB already initialized for today.
2025-04-08 09:39:22,474 - INFO - Database Connection Successfully!
2025-04-08 09:39:22,475 - INFO - OB already initialized for today.
2025-04-08 09:40:46,860 - INFO - Database Connection Successfully!
2025-04-08 09:40:46,862 - INFO - OB already initialized for today.
2025-04-08 09:42:21,752 - INFO - Database Connection Successfully!
2025-04-08 09:42:21,754 - INFO - OB already initialized for today.
2025-04-08 09:42:30,453 - INFO - Database Connection Successfully!
2025-04-08 09:42:30,454 - INFO - OB already initialized for today.
2025-04-08 09:55:49,603 - INFO - Database Connection Successfully!
2025-04-08 09:55:49,611 - INFO - OB already initialized for today.
2025-04-08 09:57:10,580 - INFO - Database Connection Successfully!
2025-04-08 09:57:10,580 - INFO - OB already initialized for today.
2025-04-08 09:57:20,504 - INFO - Database Connection Successfully!
2025-04-08 09:57:20,504 - INFO - Fetched all items from Liquor successfully.
2025-04-08 09:57:25,445 - INFO - Database Connection Successfully!
2025-04-08 09:57:25,479 - INFO - Sales Updated Successfully for product: RR180
2025-04-08 09:57:25,483 - INFO - Database Connection Successfully!
2025-04-08 09:57:25,493 - INFO - Sales report updated for RR180 on 2025-04-08
2025-04-08 09:57:25,858 - INFO - Database Connection Successfully!
2025-04-08 09:57:25,862 - INFO - Fetched all items from Liquor successfully.
2025-04-08 09:57:34,798 - INFO - Fetched today's sales
2025-04-08 09:57:45,920 - INFO - Database Connection Successfully!
2025-04-08 09:57:45,920 - INFO - Fetched all items from Liquor successfully.
2025-04-08 09:57:55,060 - INFO - Database Connection Successfully!
2025-04-08 09:57:55,060 - INFO - Fetched all items from Liquor successfully.
2025-04-08 09:58:01,443 - INFO - Database Connection Successfully!
2025-04-08 09:58:01,481 - INFO - Stock Added Successfully for RG180
2025-04-08 09:58:01,491 - INFO - Database Connection Successfully!
2025-04-08 09:58:01,500 - INFO - Stock report updated for RG180 on 2025-04-08
2025-04-08 09:58:01,846 - INFO - Database Connection Successfully!
2025-04-08 09:58:01,855 - INFO - Fetched all items from Liquor successfully.
2025-04-08 09:58:05,829 - INFO - Fetched today's sales
