2025-02-26 13:04:00,217 - INFO - NumExpr defaulting to 8 threads.
2025-02-26 13:04:38,435 - INFO - Database Connection Successfully!
2025-02-26 13:04:38,450 - INFO - Sales Updated Successfully for product: rs
2025-02-26 13:04:38,459 - INFO - Database Connection Successfully!
2025-02-26 13:04:38,502 - INFO - Report for 2025-02-26 successfully generated
2025-02-26 13:04:38,502 - INFO - Sold 5  items of product id rs!
2025-02-26 13:06:33,124 - INFO - NumExpr defaulting to 8 threads.
2025-02-26 13:06:42,126 - INFO - Database Connection Successfully!
2025-02-26 13:06:42,126 - INFO - Product information for product id : rs, Brand Name : Royal Stag fetched successfully!
2025-02-26 13:07:29,949 - INFO - Database Connection Successfully!
2025-02-26 13:07:29,957 - ERROR - Cannot fetch product details no such table: Liquor
2025-02-26 13:08:34,025 - INFO - NumExpr defaulting to 8 threads.
2025-02-26 13:08:53,334 - INFO - Database Connection Successfully!
2025-02-26 13:08:53,334 - ERROR - Error inserting Product Royal Stag: no such table: Liquor
2025-02-26 13:08:53,339 - INFO - product Royal Stag successfully added in Liquor category!
2025-02-26 13:09:14,880 - INFO - Database Connection Successfully!
2025-02-26 13:09:14,881 - ERROR - Cannot fetch product details no such table: Liquor
2025-02-26 13:11:16,541 - INFO - NumExpr defaulting to 8 threads.
2025-02-26 13:11:16,867 - INFO - Database Connection Successfully!
2025-02-26 13:11:16,885 - INFO - Database Initlized Successfully
2025-02-26 13:11:35,897 - INFO - NumExpr defaulting to 8 threads.
2025-02-26 13:11:52,057 - INFO - Database Connection Successfully!
2025-02-26 13:11:52,090 - INFO - Product Royal Stag Successfully Added
2025-02-26 13:11:52,092 - INFO - product Royal Stag successfully added in Liquor category!
2025-02-26 13:12:31,171 - INFO - NumExpr defaulting to 8 threads.
2025-02-26 13:12:35,832 - INFO - Database Connection Successfully!
2025-02-26 13:12:35,832 - INFO - Product information for product id : rs, Brand Name : Royal Stag fetched successfully!
2025-02-26 13:14:12,952 - INFO - NumExpr defaulting to 8 threads.
2025-02-26 13:16:50,007 - INFO - NumExpr defaulting to 8 threads.
2025-02-26 13:16:58,964 - INFO - Database Connection Successfully!
2025-02-26 13:16:58,997 - INFO - Sales Updated Successfully for product: rs
2025-02-26 13:16:59,009 - INFO - Database Connection Successfully!
2025-02-26 13:16:59,035 - INFO - Report for 2025-02-26 successfully generated
2025-02-26 13:16:59,035 - INFO - Sold 15  items of product id rs!
2025-02-26 13:18:03,059 - INFO - NumExpr defaulting to 8 threads.
2025-02-26 13:18:13,839 - INFO - Database Connection Successfully!
2025-02-26 13:18:13,871 - INFO - Product chips Successfully Added
2025-02-26 13:18:13,872 - INFO - product chips successfully added in Snacks category!
2025-02-26 13:18:23,297 - INFO - NumExpr defaulting to 8 threads.
2025-02-26 13:18:44,834 - INFO - Database Connection Successfully!
2025-02-26 13:18:44,870 - INFO - Sales Updated Successfully for product: ch
2025-02-26 13:18:44,898 - INFO - Database Connection Successfully!
2025-02-26 13:18:57,557 - INFO - NumExpr defaulting to 8 threads.
2025-02-26 13:19:04,330 - INFO - NumExpr defaulting to 8 threads.
2025-02-26 13:19:11,238 - INFO - Database Connection Successfully!
2025-02-26 13:19:11,241 - ERROR - Failed to update stock for ch
2025-02-26 13:19:11,250 - INFO - Database Connection Successfully!
2025-02-26 13:19:28,877 - INFO - NumExpr defaulting to 8 threads.
2025-02-26 13:19:46,277 - INFO - Database Connection Successfully!
2025-02-26 13:19:46,310 - INFO - Product frooty Successfully Added
2025-02-26 13:19:46,310 - INFO - product frooty successfully added in ColdDrinks category!
2025-02-26 13:19:54,218 - INFO - Database Connection Successfully!
2025-02-26 13:19:54,245 - INFO - Sales Updated Successfully for product: fr
2025-02-26 13:19:54,254 - INFO - Database Connection Successfully!
2025-02-26 13:19:54,279 - INFO - Report for 2025-02-26 successfully generated
2025-02-26 13:19:54,279 - INFO - Sold 15  items of product id fr!
2025-02-26 13:24:41,661 - INFO - NumExpr defaulting to 8 threads.
2025-02-26 13:24:49,928 - INFO - Database Connection Successfully!
2025-02-26 13:24:49,965 - INFO - Sales Updated Successfully for product: fr
2025-02-26 13:24:49,975 - INFO - Database Connection Successfully!
2025-02-26 13:24:50,004 - INFO - Report for 2025-02-26 successfully generated
2025-02-26 13:24:50,004 - INFO - Sold 25  items of product id fr!
2025-02-26 13:25:18,511 - INFO - Database Connection Successfully!
2025-02-26 13:25:18,541 - INFO - Sales Updated Successfully for product: rs
2025-02-26 13:25:18,550 - INFO - Database Connection Successfully!
2025-02-26 13:25:18,566 - INFO - Report for 2025-02-26 successfully generated
2025-02-26 13:25:18,566 - INFO - Sold 25  items of product id rs!
2025-02-26 13:25:34,670 - INFO - Database Connection Successfully!
2025-02-26 13:25:34,703 - INFO - Stock Added Successfully for rs
2025-02-26 13:25:34,703 - INFO - Database Connection Successfully!
2025-02-26 13:47:25,233 - INFO - NumExpr defaulting to 8 threads.
2025-02-26 13:47:31,634 - INFO - Database Connection Successfully!
2025-02-26 13:47:31,650 - INFO - Stock Added Successfully for rs
2025-02-26 13:47:31,675 - INFO - Database Connection Successfully!
2025-02-26 14:26:27,831 - INFO - NumExpr defaulting to 8 threads.
2025-02-26 14:26:42,082 - INFO - Database Connection Successfully!
2025-02-26 14:26:42,092 - INFO - Stock Added Successfully for rs
2025-02-26 14:26:42,119 - INFO - Database Connection Successfully!
2025-02-26 14:29:31,504 - INFO - NumExpr defaulting to 8 threads.
2025-02-26 14:29:57,258 - INFO - Database Connection Successfully!
2025-02-26 14:29:57,264 - INFO - Stock Added Successfully for rs
2025-02-26 14:29:57,277 - INFO - Database Connection Successfully!
2025-02-26 14:29:57,317 - INFO - Report for 2025-02-26 successfully generated
2025-02-26 14:29:57,317 - INFO - 50 items added of Liquor in stock
2025-02-26 14:30:23,090 - INFO - Database Connection Successfully!
2025-02-26 14:30:23,098 - INFO - Stock Added Successfully for rs
2025-02-26 14:30:23,105 - INFO - Database Connection Successfully!
2025-02-26 14:30:23,117 - INFO - Report for 2025-02-26 successfully generated
2025-02-26 14:30:23,118 - INFO - 100 items added of Liquor in stock
2025-02-26 14:31:41,171 - INFO - Database Connection Successfully!
2025-02-26 14:31:41,204 - INFO - Sales Updated Successfully for product: rs
2025-02-26 14:31:41,209 - INFO - Database Connection Successfully!
2025-02-26 14:31:41,224 - INFO - Report for 2025-02-26 successfully generated
2025-02-26 14:31:41,225 - INFO - Sold 45  items of product id rs!
2025-02-26 14:38:39,317 - INFO - NumExpr defaulting to 8 threads.
2025-02-26 14:39:24,241 - INFO - NumExpr defaulting to 8 threads.
2025-02-26 14:40:54,984 - INFO - NumExpr defaulting to 8 threads.
2025-02-26 14:41:37,029 - INFO - NumExpr defaulting to 8 threads.
2025-02-26 14:41:45,957 - INFO - NumExpr defaulting to 8 threads.
2025-02-26 14:41:55,955 - INFO - Database Connection Successfully!
2025-02-26 14:41:55,962 - INFO - Sales Updated Successfully for product: rs
2025-02-26 14:41:55,966 - INFO - Database Connection Successfully!
2025-02-26 14:41:55,980 - INFO - Sales report updated for rs on 2025-02-26
2025-02-26 14:41:55,980 - INFO - Sold 5  items of product id rs!
2025-02-26 14:42:17,407 - INFO - Database Connection Successfully!
2025-02-26 14:42:17,417 - INFO - Stock Added Successfully for fr
2025-02-26 14:42:17,422 - INFO - Database Connection Successfully!
2025-02-26 14:42:17,427 - INFO - Stock report updated for fr on 2025-02-26
2025-02-26 14:42:17,428 - INFO - 25 items added of ColdDrinks in stock
2025-02-26 14:42:37,241 - INFO - Database Connection Successfully!
2025-02-26 14:42:37,251 - INFO - Stock Added Successfully for fr
2025-02-26 14:42:37,255 - INFO - Database Connection Successfully!
2025-02-26 14:42:37,265 - INFO - Stock report updated for fr on 2025-02-26
2025-02-26 14:42:37,266 - INFO - 25 items added of ColdDrinks in stock
2025-02-26 14:43:08,827 - INFO - Database Connection Successfully!
2025-02-26 14:43:08,837 - INFO - Sales Updated Successfully for product: rs
2025-02-26 14:43:08,847 - INFO - Database Connection Successfully!
2025-02-26 14:43:08,852 - INFO - Sales report updated for rs on 2025-02-26
2025-02-26 14:43:08,853 - INFO - Sold 150  items of product id rs!
2025-02-26 14:43:34,846 - INFO - NumExpr defaulting to 8 threads.
2025-02-26 14:44:09,977 - INFO - Database Connection Successfully!
2025-02-26 14:44:09,983 - INFO - Sales Updated Successfully for product: rs
2025-02-26 14:44:09,995 - INFO - Database Connection Successfully!
2025-02-26 14:44:10,001 - INFO - Sales report updated for rs on 2025-02-26
2025-02-26 14:44:10,002 - INFO - Sold 5  items of product id rs!
2025-02-26 14:47:54,902 - INFO - Database Connection Successfully!
2025-02-26 14:47:54,912 - INFO - Sales Updated Successfully for product: ch
2025-02-26 14:47:54,916 - INFO - Database Connection Successfully!
2025-02-26 14:47:54,920 - INFO - Sales report updated for ch on 2025-02-26
2025-02-26 14:47:54,920 - INFO - Sold 5  items of product id ch!
2025-02-26 14:53:47,050 - INFO - NumExpr defaulting to 8 threads.
2025-02-26 14:54:00,384 - INFO - NumExpr defaulting to 8 threads.
2025-02-26 14:56:20,588 - INFO - NumExpr defaulting to 8 threads.
2025-02-26 14:56:47,812 - INFO - NumExpr defaulting to 8 threads.
2025-02-26 14:58:54,737 - INFO - NumExpr defaulting to 8 threads.
2025-02-26 15:09:11,162 - INFO - NumExpr defaulting to 8 threads.
2025-02-26 15:09:23,298 - INFO - NumExpr defaulting to 8 threads.
2025-02-26 15:10:45,696 - INFO - NumExpr defaulting to 8 threads.
2025-02-26 15:11:32,872 - INFO - NumExpr defaulting to 8 threads.
2025-02-26 15:11:37,144 - INFO - Database Connection Successfully!
2025-02-26 15:11:37,152 - INFO - Fetched all the information from the database about the items!
2025-02-26 15:11:42,528 - INFO - NumExpr defaulting to 8 threads.
2025-02-26 15:11:45,124 - INFO - Database Connection Successfully!
2025-02-26 15:11:45,126 - INFO - Fetched all the information from the database about the items!
2025-02-26 15:12:35,092 - INFO - Database Connection Successfully!
2025-02-26 15:12:35,098 - INFO - Product Budwiser Successfully Added
2025-02-26 15:12:35,098 - INFO - product Budwiser successfully added in Liquor category!
2025-02-26 15:13:13,090 - INFO - Database Connection Successfully!
2025-02-26 15:13:13,096 - INFO - Product Kingfisher Successfully Added
2025-02-26 15:13:13,097 - INFO - product Kingfisher successfully added in Liquor category!
2025-02-26 15:13:15,833 - INFO - Database Connection Successfully!
2025-02-26 15:13:15,834 - INFO - Fetched all the information from the database about the items!
2025-02-26 15:14:06,385 - INFO - NumExpr defaulting to 8 threads.
2025-02-26 15:14:10,832 - INFO - NumExpr defaulting to 8 threads.
2025-02-26 15:14:12,878 - INFO - Database Connection Successfully!
2025-02-26 15:14:12,879 - INFO - Fetched all the information from the database about the items!
2025-02-26 15:14:12,880 - ERROR - Error occured in fetching:  11 columns passed, passed data had 7 columns
2025-02-26 15:15:56,166 - INFO - NumExpr defaulting to 8 threads.
2025-02-26 15:16:00,744 - INFO - Database Connection Successfully!
2025-02-26 15:16:00,745 - INFO - Fetched all the information from the database about the items!
2025-02-26 15:16:33,524 - INFO - NumExpr defaulting to 8 threads.
2025-02-26 15:16:35,691 - INFO - Database Connection Successfully!
2025-02-26 15:16:35,692 - INFO - Fetched all the information from the database about the items!
2025-02-26 15:17:00,795 - INFO - NumExpr defaulting to 8 threads.
2025-02-26 15:17:05,132 - INFO - NumExpr defaulting to 8 threads.
2025-02-26 15:17:06,568 - INFO - Database Connection Successfully!
2025-02-26 15:17:06,569 - INFO - Fetched all the information from the database about the items!
2025-02-26 15:17:14,685 - INFO - Database Connection Successfully!
2025-02-26 15:17:14,686 - INFO - Fetched all the information from the database about the items!
2025-02-26 15:21:38,769 - INFO - NumExpr defaulting to 8 threads.
2025-02-26 15:22:12,786 - INFO - Database Connection Successfully!
2025-02-26 15:22:12,792 - ERROR - Failed to update stock for bd
2025-02-26 15:22:12,807 - INFO - Database Connection Successfully!
2025-02-26 15:22:12,808 - INFO - Sold 25  items of product id bd!
2025-02-26 15:22:39,497 - INFO - Database Connection Successfully!
2025-02-26 15:22:39,510 - INFO - Sales Updated Successfully for product: BD
2025-02-26 15:22:39,519 - INFO - Database Connection Successfully!
2025-02-26 15:22:39,531 - INFO - Sales report updated for BD on 2025-02-26
2025-02-26 15:22:39,532 - INFO - Sold 25  items of product id BD!
2025-02-26 15:23:15,198 - INFO - NumExpr defaulting to 8 threads.
2025-02-26 15:23:31,461 - INFO - Database Connection Successfully!
2025-02-26 15:23:31,469 - INFO - Sales Updated Successfully for product: BD
2025-02-26 15:23:31,481 - INFO - Database Connection Successfully!
2025-02-26 15:23:31,493 - INFO - Sales report updated for BD on 2025-02-26
2025-02-26 15:23:31,494 - INFO - Sold 35  items of product id BD!
2025-02-26 15:27:04,301 - INFO - NumExpr defaulting to 8 threads.
2025-02-26 15:27:22,404 - INFO - Database Connection Successfully!
2025-02-26 15:27:22,413 - INFO - Product Pepsi Successfully Added
2025-02-26 15:27:22,414 - INFO - product Pepsi successfully added in ColdDrinks category!
2025-02-26 15:28:21,818 - INFO - Database Connection Successfully!
2025-02-26 15:28:21,827 - INFO - Product Thumsup Successfully Added
2025-02-26 15:28:21,828 - INFO - product Thumsup successfully added in ColdDrinks category!
2025-02-26 15:28:30,396 - INFO - NumExpr defaulting to 8 threads.
2025-02-26 15:28:37,357 - INFO - Database Connection Successfully!
2025-02-26 15:28:37,364 - INFO - Sales Updated Successfully for product: Th
2025-02-26 15:28:37,375 - INFO - Database Connection Successfully!
2025-02-26 15:28:53,763 - INFO - NumExpr defaulting to 8 threads.
2025-02-26 15:29:11,660 - INFO - NumExpr defaulting to 8 threads.
2025-02-26 15:29:17,918 - INFO - Database Connection Successfully!
2025-02-26 15:29:17,926 - INFO - Sales Updated Successfully for product: Th
2025-02-26 15:29:17,934 - INFO - Database Connection Successfully!
2025-02-26 15:29:17,939 - INFO - Sales report updated for Th on 2025-02-26
2025-02-26 15:29:17,940 - INFO - Sold 5  items of product id Th!
2025-02-26 15:29:33,601 - INFO - Database Connection Successfully!
2025-02-26 15:29:33,763 - INFO - Sales Updated Successfully for product: pep
2025-02-26 15:29:33,766 - INFO - Database Connection Successfully!
2025-02-26 15:29:33,771 - INFO - Sales report updated for pep on 2025-02-26
2025-02-26 15:29:33,772 - INFO - Sold 15  items of product id pep!
2025-02-26 16:08:32,865 - INFO - NumExpr defaulting to 8 threads.
2025-02-26 16:08:33,317 - INFO - Database Connection Successfully!
2025-02-26 16:08:33,333 - INFO - Database Initlized Successfully
2025-02-26 16:09:03,183 - INFO - NumExpr defaulting to 8 threads.
2025-02-26 16:09:03,539 - INFO - Database Connection Successfully!
2025-02-26 16:09:03,543 - ERROR - Error occured while intserting the items into the databases
2025-02-26 16:09:39,397 - INFO - NumExpr defaulting to 8 threads.
2025-02-26 16:09:39,723 - INFO - Database Connection Successfully!
2025-02-26 16:09:39,754 - ERROR - Error occured while intserting the items into the databases UNIQUE constraint failed: ColdDrinks.ID
2025-02-26 16:10:28,468 - INFO - NumExpr defaulting to 8 threads.
2025-02-26 16:10:32,646 - INFO - Database Connection Successfully!
2025-02-26 16:10:32,646 - INFO - Fetched all the information from the database about the items!
2025-02-26 16:11:19,874 - INFO - NumExpr defaulting to 8 threads.
2025-02-26 16:11:20,214 - INFO - Database Connection Successfully!
2025-02-26 16:11:20,226 - INFO - Items addedd successfully into the database
2025-02-26 16:11:20,231 - INFO - Items addedd successfully into the database
2025-02-26 16:11:45,476 - INFO - NumExpr defaulting to 8 threads.
2025-02-26 16:11:49,054 - INFO - Database Connection Successfully!
2025-02-26 16:11:49,055 - INFO - Fetched all the information from the database about the items!
2025-02-26 16:12:26,402 - INFO - NumExpr defaulting to 8 threads.
2025-02-26 16:12:29,085 - INFO - Database Connection Successfully!
2025-02-26 16:12:29,085 - INFO - Fetched all the information from the database about the items!
2025-02-26 16:13:06,837 - INFO - Database Connection Successfully!
2025-02-26 16:13:06,838 - INFO - Fetched all the information from the database about the items!
