2025-04-09 14:23:24,753 - INFO - Database Connection Successfully!
2025-04-09 14:23:24,765 - INFO - Opening Balance updated for all categories with previous CB values
2025-04-09 14:23:44,720 - INFO - Database Connection Successfully!
2025-04-09 14:23:44,725 - INFO - Fetched all items from Liquor successfully.
2025-04-09 14:23:59,579 - INFO - Database Connection Successfully!
2025-04-09 14:23:59,580 - INFO - Fetched all items from Liquor successfully.
2025-04-09 14:24:02,959 - INFO - Database Connection Successfully!
2025-04-09 14:24:02,962 - ERROR - Insufficient Stock
2025-04-09 14:24:02,963 - ERROR - Error updating sales: Insufficient Stock available for product id: Insufficient stock error
Requested Stock :3
Available Stock : -1
2025-04-09 14:24:02,969 - INFO - Database Connection Successfully!
2025-04-09 14:24:03,038 - INFO - Sales report updated for RP180 on 2025-04-09
2025-04-09 14:24:03,278 - INFO - Database Connection Successfully!
2025-04-09 14:24:03,279 - INFO - Fetched all items from Liquor successfully.
2025-04-09 14:24:05,926 - INFO - Database Connection Successfully!
2025-04-09 14:24:05,935 - INFO - Sales Updated Successfully for product: RP180
2025-04-09 14:24:05,959 - INFO - Database Connection Successfully!
2025-04-09 14:24:05,973 - INFO - Sales report updated for RP180 on 2025-04-09
2025-04-09 14:24:06,237 - INFO - Database Connection Successfully!
2025-04-09 14:24:06,238 - INFO - Fetched all items from Liquor successfully.
2025-04-09 14:24:08,164 - INFO - Fetched today's sales
2025-04-09 14:29:00,330 - INFO - Database Connection Successfully!
2025-04-09 14:29:00,335 - INFO - OB already initialized for today.
2025-04-09 14:29:28,628 - INFO - Database Connection Successfully!
2025-04-09 14:29:28,630 - INFO - OB already initialized for today.
2025-04-09 14:29:42,283 - INFO - Database Connection Successfully!
2025-04-09 14:29:42,284 - INFO - OB already initialized for today.
2025-04-09 14:31:35,033 - ERROR - Invalid activation key attempt.
2025-04-09 14:32:19,995 - INFO - Software activated for system e4:3e:8d:84:65:90 on 2025-04-09 14:32:19
2025-04-09 14:32:21,117 - INFO - Database Connection Successfully!
2025-04-09 14:32:21,119 - INFO - OB already initialized for today.
2025-04-09 14:33:08,047 - INFO - Database Connection Successfully!
2025-04-09 14:33:08,047 - INFO - OB already initialized for today.
2025-04-09 14:33:47,660 - INFO - Software activated for system e4:3e:8d:84:65:90 on 2025-04-09 14:33:47
2025-04-09 14:33:47,661 - INFO - Database Connection Successfully!
2025-04-09 14:33:47,662 - INFO - OB already initialized for today.
2025-04-09 14:34:00,308 - INFO - Database Connection Successfully!
2025-04-09 14:34:00,308 - INFO - OB already initialized for today.
2025-04-09 14:36:27,106 - INFO - Database Connection Successfully!
2025-04-09 14:36:27,107 - INFO - OB already initialized for today.
2025-04-09 14:36:40,090 - INFO - Database Connection Successfully!
2025-04-09 14:36:40,091 - INFO - OB already initialized for today.
2025-04-09 14:39:32,566 - INFO - Database Connection Successfully!
2025-04-09 14:39:32,566 - INFO - OB already initialized for today.
2025-04-09 14:41:22,051 - INFO - Database Connection Successfully!
2025-04-09 14:41:22,052 - INFO - OB already initialized for today.
2025-04-09 14:42:13,334 - INFO - Database Connection Successfully!
2025-04-09 14:42:13,335 - INFO - OB already initialized for today.
2025-04-09 14:42:25,337 - INFO - Database Connection Successfully!
2025-04-09 14:42:25,338 - INFO - OB already initialized for today.
2025-04-09 14:42:48,019 - INFO - Database Connection Successfully!
2025-04-09 14:42:48,019 - INFO - OB already initialized for today.
2025-04-09 14:46:43,699 - INFO - Database Connection Successfully!
2025-04-09 14:46:43,708 - INFO - Fetched all items from Liquor successfully.
2025-04-09 14:46:54,725 - INFO - Database Connection Successfully!
2025-04-09 14:46:54,726 - INFO - Fetched all items from Liquor successfully.
2025-04-09 14:47:03,006 - INFO - Database Connection Successfully!
2025-04-09 14:47:03,007 - INFO - Fetched all items from Liquor successfully.
2025-04-09 14:47:12,015 - INFO - Database Connection Successfully!
2025-04-09 14:47:12,016 - INFO - Fetched all items from Liquor successfully.
2025-04-09 14:50:08,005 - INFO - Fetched today's sales
2025-04-09 14:50:17,842 - INFO - Database Connection Successfully!
2025-04-09 14:50:17,843 - INFO - Fetched all items from Snacks successfully.
2025-04-09 14:50:20,451 - INFO - Database Connection Successfully!
2025-04-09 14:50:20,459 - INFO - Sales Updated Successfully for product: S20
2025-04-09 14:50:20,462 - INFO - Database Connection Successfully!
2025-04-09 14:50:20,469 - INFO - Sales report updated for S20 on 2025-04-09
2025-04-09 14:50:20,499 - INFO - Database Connection Successfully!
2025-04-09 14:50:20,500 - INFO - Fetched all items from Snacks successfully.
2025-04-09 14:50:26,655 - INFO - Database Connection Successfully!
2025-04-09 14:50:26,659 - INFO - Sales Updated Successfully for product: S25
2025-04-09 14:50:26,674 - INFO - Database Connection Successfully!
2025-04-09 14:50:26,678 - INFO - Sales report updated for S25 on 2025-04-09
2025-04-09 14:50:26,709 - INFO - Database Connection Successfully!
2025-04-09 14:50:26,709 - INFO - Fetched all items from Snacks successfully.
2025-04-09 14:50:33,924 - INFO - Database Connection Successfully!
2025-04-09 14:50:33,930 - INFO - Sales Updated Successfully for product: S50
2025-04-09 14:50:33,943 - INFO - Database Connection Successfully!
2025-04-09 14:50:33,947 - INFO - Sales report updated for S50 on 2025-04-09
2025-04-09 14:50:33,973 - INFO - Database Connection Successfully!
2025-04-09 14:50:33,974 - INFO - Fetched all items from Snacks successfully.
2025-04-09 14:50:48,424 - INFO - Fetched today's sales
2025-04-09 15:12:36,183 - INFO - Database Connection Successfully!
2025-04-09 15:12:36,187 - INFO - OB already initialized for today.
2025-04-09 15:13:14,878 - INFO - Database Connection Successfully!
2025-04-09 15:13:14,878 - INFO - OB already initialized for today.
2025-04-09 15:13:58,904 - INFO - Database Connection Successfully!
2025-04-09 15:13:58,904 - INFO - OB already initialized for today.
2025-04-09 15:18:07,719 - INFO - Database Connection Successfully!
2025-04-09 15:18:07,719 - INFO - OB already initialized for today.
2025-04-09 15:18:44,570 - INFO - Database Connection Successfully!
2025-04-09 15:18:44,570 - INFO - OB already initialized for today.
2025-04-09 15:21:00,465 - INFO - Database Connection Successfully!
2025-04-09 15:21:00,466 - INFO - OB already initialized for today.
2025-04-09 15:21:34,119 - INFO - Database Connection Successfully!
2025-04-09 15:21:34,120 - INFO - OB already initialized for today.
2025-04-09 15:23:27,555 - INFO - Database Connection Successfully!
2025-04-09 15:23:27,555 - INFO - OB already initialized for today.
2025-04-09 15:23:49,524 - INFO - Database Connection Successfully!
2025-04-09 15:23:49,524 - INFO - OB already initialized for today.
