2025-03-20 09:40:56,269 - INFO - Database Connection Successfully!
2025-03-20 09:40:56,280 - INFO - Opening Balance updated for all categories with previous CB values
2025-03-20 09:41:08,883 - INFO - Database Connection Successfully!
2025-03-20 09:41:08,889 - INFO - Fetched all items from Liquor successfully.
2025-03-20 09:41:23,460 - INFO - Database Connection Successfully!
2025-03-20 09:41:23,461 - INFO - OB already initialized for today.
2025-03-20 09:41:39,215 - INFO - Database Connection Successfully!
2025-03-20 09:41:39,217 - INFO - Fetched all items from Liquor successfully.
2025-03-20 09:42:52,170 - INFO - Database Connection Successfully!
2025-03-20 09:42:52,171 - INFO - OB already initialized for today.
2025-03-20 09:43:02,568 - INFO - Database Connection Successfully!
2025-03-20 09:43:02,572 - INFO - Fetched all items from Liquor successfully.
2025-03-20 09:45:52,169 - INFO - Database Connection Successfully!
2025-03-20 09:45:52,170 - INFO - OB already initialized for today.
2025-03-20 09:46:02,399 - INFO - Database Connection Successfully!
2025-03-20 09:46:02,402 - INFO - Fetched all items from Liquor successfully.
2025-03-20 09:46:04,573 - INFO - Database Connection Successfully!
2025-03-20 09:46:04,578 - INFO - Fetched all items from Liquor successfully.
2025-03-20 09:47:08,643 - INFO - Database Connection Successfully!
2025-03-20 09:47:08,644 - INFO - OB already initialized for today.
2025-03-20 09:47:25,859 - INFO - Database Connection Successfully!
2025-03-20 09:47:25,864 - INFO - Fetched all items from Liquor successfully.
2025-03-20 09:48:24,401 - INFO - Database Connection Successfully!
2025-03-20 09:48:24,401 - INFO - OB already initialized for today.
2025-03-20 09:48:34,700 - INFO - Database Connection Successfully!
2025-03-20 09:48:34,703 - INFO - Fetched all items from Snacks successfully.
2025-03-20 09:48:38,386 - INFO - Database Connection Successfully!
2025-03-20 09:48:38,387 - INFO - Fetched all items from Liquor successfully.
2025-03-20 09:49:18,979 - INFO - Database Connection Successfully!
2025-03-20 09:49:18,980 - INFO - OB already initialized for today.
2025-03-20 09:49:30,974 - INFO - Database Connection Successfully!
2025-03-20 09:49:30,976 - INFO - Fetched all items from Liquor successfully.
2025-03-20 09:49:37,180 - INFO - Database Connection Successfully!
2025-03-20 09:49:37,181 - INFO - Fetched all items from Liquor successfully.
2025-03-20 09:49:48,198 - INFO - Database Connection Successfully!
2025-03-20 09:49:48,199 - INFO - OB already initialized for today.
2025-03-20 09:50:08,565 - INFO - Database Connection Successfully!
2025-03-20 09:50:08,569 - INFO - Fetched all items from Liquor successfully.
2025-03-20 09:50:54,274 - INFO - Database Connection Successfully!
2025-03-20 09:50:54,275 - INFO - OB already initialized for today.
2025-03-20 09:51:04,899 - INFO - Database Connection Successfully!
2025-03-20 09:51:04,904 - INFO - Fetched all items from Liquor successfully.
2025-03-20 09:51:42,657 - INFO - Database Connection Successfully!
2025-03-20 09:51:42,659 - INFO - OB already initialized for today.
2025-03-20 09:51:54,173 - INFO - Database Connection Successfully!
2025-03-20 09:51:54,176 - INFO - Fetched all items from Liquor successfully.
2025-03-20 09:52:11,886 - INFO - Database Connection Successfully!
2025-03-20 09:52:11,887 - INFO - Fetched all items from Liquor successfully.
2025-03-20 09:52:11,950 - INFO - Database Connection Successfully!
2025-03-20 09:52:11,983 - INFO - Updated price for product ID : OKS180
2025-03-20 09:52:21,546 - INFO - Database Connection Successfully!
2025-03-20 09:52:21,549 - INFO - Fetched all items from Liquor successfully.
2025-03-20 09:52:37,411 - INFO - Database Connection Successfully!
2025-03-20 09:52:37,416 - INFO - Fetched all items from Liquor successfully.
2025-03-20 09:52:44,815 - INFO - Database Connection Successfully!
2025-03-20 09:52:44,817 - INFO - Fetched all items from Liquor successfully.
2025-03-20 09:54:47,277 - INFO - Database Connection Successfully!
2025-03-20 09:54:47,278 - INFO - OB already initialized for today.
2025-03-20 09:54:58,737 - INFO - Database Connection Successfully!
2025-03-20 09:54:58,743 - INFO - Fetched all items from Liquor successfully.
2025-03-20 09:55:01,242 - INFO - Database Connection Successfully!
2025-03-20 09:55:01,249 - INFO - Fetched all items from Liquor successfully.
2025-03-20 09:55:10,068 - INFO - Database Connection Successfully!
2025-03-20 09:55:10,105 - INFO - Stock Added Successfully for OKS180
2025-03-20 09:55:10,115 - INFO - Database Connection Successfully!
2025-03-20 09:55:10,155 - INFO - Stock report updated for OKS180 on 2025-03-20
2025-03-20 09:55:10,168 - INFO - Database Connection Successfully!
2025-03-20 09:55:10,169 - INFO - Fetched all items from Liquor successfully.
2025-03-20 09:55:16,493 - INFO - Database Connection Successfully!
2025-03-20 09:55:16,496 - INFO - Fetched all items from Liquor successfully.
2025-03-20 09:55:21,970 - INFO - Database Connection Successfully!
2025-03-20 09:55:22,004 - INFO - Sales Updated Successfully for product: OKS180
2025-03-20 09:55:22,028 - INFO - Database Connection Successfully!
2025-03-20 09:55:22,039 - INFO - Sales report updated for OKS180 on 2025-03-20
2025-03-20 09:55:25,627 - INFO - Database Connection Successfully!
2025-03-20 09:55:25,664 - INFO - Sales Updated Successfully for product: OKS180
2025-03-20 09:55:25,678 - INFO - Database Connection Successfully!
2025-03-20 09:55:25,687 - INFO - Sales report updated for OKS180 on 2025-03-20
2025-03-20 09:55:27,369 - INFO - Fetched today's sales
2025-03-20 09:57:11,659 - INFO - Database Connection Successfully!
2025-03-20 09:57:11,664 - INFO - OB already initialized for today.
2025-03-20 09:57:28,626 - INFO - Database Connection Successfully!
2025-03-20 09:57:28,662 - INFO - Fetched all items from Liquor successfully.
2025-03-20 09:57:41,917 - INFO - Database Connection Successfully!
2025-03-20 09:57:41,955 - INFO - Sales Updated Successfully for product: OKS180
2025-03-20 09:57:41,967 - INFO - Database Connection Successfully!
2025-03-20 09:57:41,987 - INFO - Sales report updated for OKS180 on 2025-03-20
2025-03-20 09:57:42,004 - INFO - Database Connection Successfully!
2025-03-20 09:57:42,006 - INFO - Fetched all items from Liquor successfully.
2025-03-20 11:57:30,069 - INFO - Database Connection Successfully!
2025-03-20 11:57:30,073 - INFO - OB already initialized for today.
